[INFO] Scanning for projects...
[INFO] 
[INFO] ---------------< com.brihaspathee.sapphire:api-gateway >----------------
[INFO] Building api-gateway 1.0.0
[INFO] --------------------------------[ jar ]---------------------------------
[INFO] 
[INFO] --- maven-clean-plugin:3.4.0:clean (default-clean) @ api-gateway ---
[INFO] Deleting /Users/balaji/Documents/mac-mini/Projects.nosync/sapphire/services/api-gateway/target
[INFO] 
[INFO] --- maven-resources-plugin:3.3.1:resources (default-resources) @ api-gateway ---
[INFO] Copying 1 resource from src/main/resources to target/classes
[INFO] Copying 0 resource from src/main/resources to target/classes
[INFO] 
[INFO] --- maven-compiler-plugin:3.13.0:compile (default-compile) @ api-gateway ---
[INFO] Recompiling the module because of changed source code.
[INFO] Compiling 7 source files with javac [debug parameters release 21] to target/classes
[INFO] -------------------------------------------------------------
[ERROR] COMPILATION ERROR : 
[INFO] -------------------------------------------------------------
[ERROR] /Users/balaji/Documents/mac-mini/Projects.nosync/sapphire/services/api-gateway/src/main/java/com/brihaspathee/sapphire/filter/AuthenticationFilter.java:[3,42] cannot find symbol
  symbol:   class AuthorizationRequest
  location: package com.brihaspathee.sapphire.dto.auth
[INFO] 1 error
[INFO] -------------------------------------------------------------
[INFO] ------------------------------------------------------------------------
[INFO] BUILD FAILURE
[INFO] ------------------------------------------------------------------------
[INFO] Total time:  1.608 s
[INFO] Finished at: 2025-03-05T05:55:04-05:00
[INFO] ------------------------------------------------------------------------
[ERROR] Failed to execute goal org.apache.maven.plugins:maven-compiler-plugin:3.13.0:compile (default-compile) on project api-gateway: Compilation failure
[ERROR] /Users/balaji/Documents/mac-mini/Projects.nosync/sapphire/services/api-gateway/src/main/java/com/brihaspathee/sapphire/filter/AuthenticationFilter.java:[3,42] cannot find symbol
[ERROR]   symbol:   class AuthorizationRequest
[ERROR]   location: package com.brihaspathee.sapphire.dto.auth
[ERROR] 
[ERROR] -> [Help 1]
[ERROR] 
[ERROR] To see the full stack trace of the errors, re-run Maven with the -e switch.
[ERROR] Re-run Maven using the -X switch to enable full debug logging.
[ERROR] 
[ERROR] For more information about the errors and possible solutions, please read the following articles:
[ERROR] [Help 1] http://cwiki.apache.org/confluence/display/MAVEN/MojoFailureException
